compiling src/model/gameboard.cc
compiled successfully
type command for general
8 rnbqkbnr
7 pppppppp
6  _ _ _ _
5 _ _ _ _ 
4  _ _ _ _
3 _ _ _ _ 
2 PPPPPPPP
1 RNBQKBNR

  abcdefgh
type command for player 0
16
8 rnbqkbnr
7 pppppppp
6  _ _ _ _
5 _ _ _ _ 
4  _ _P_ _
3 _ _ _ _ 
2 PPPP PPP
1 RNBQKBNR

  abcdefgh
type command for player 1
16
8 rnbqkbnr
7 pppp_ppp
6  _ _ _ _
5 _ _ p _ 
4  _ _P_ _
3 _ _ _ _ 
2 PPPP PPP
1 RNBQKBNR

  abcdefgh
type command for player 0
16
8 rnbqkbnr
7 pppp_ppp
6  _ _ _ _
5 _ _ p _Q
4  _ _P_ _
3 _ _ _ _ 
2 PPPP PPP
1 RNB KBNR

  abcdefgh
type command for player 1
16
8 rnbqkbnr
7 pppp_p_p
6  _ _ _p_
5 _ _ p _Q
4  _ _P_ _
3 _ _ _ _ 
2 PPPP PPP
1 RNB KBNR

  abcdefgh
type command for player 0
Player 0 checked Player 1!
8 rnbqkbnr
7 pppp_p_p
6  _ _ _p_
5 _ _ Q _ 
4  _ _P_ _
3 _ _ _ _ 
2 PPPP PPP
1 RNB KBNR

  abcdefgh
type command for player 1
16
8 rnbqk_nr
7 ppppbp_p
6  _ _ _p_
5 _ _ Q _ 
4  _ _P_ _
3 _ _ _ _ 
2 PPPP PPP
1 RNB KBNR

  abcdefgh
type command for player 0
14
8 rnbqk_nQ
7 ppppbp_p
6  _ _ _p_
5 _ _ _ _ 
4  _ _P_ _
3 _ _ _ _ 
2 PPPP PPP
1 RNB KBNR

  abcdefgh
type command for player 1
16
8 rnbqk_nQ
7 pppp_p_p
6  _ _ bp_
5 _ _ _ _ 
4  _ _P_ _
3 _ _ _ _ 
2 PPPP PPP
1 RNB KBNR

  abcdefgh
type command for player 0
13
8 rnbqk_n_
7 pppp_p_p
6  _ _ Qp_
5 _ _ _ _ 
4  _ _P_ _
3 _ _ _ _ 
2 PPPP PPP
1 RNB KBNR

  abcdefgh
type command for player 1
16
8 rnbqk_n_
7 pp_p_p_p
6  _p_ Qp_
5 _ _ _ _ 
4  _ _P_ _
3 _ _ _ _ 
2 PPPP PPP
1 RNB KBNR

  abcdefgh
type command for player 0
13
8 rnbqk_nQ
7 pp_p_p_p
6  _p_ _p_
5 _ _ _ _ 
4  _ _P_ _
3 _ _ _ _ 
2 PPPP PPP
1 RNB KBNR

  abcdefgh
type command for player 1
16
8 rnbqk_nQ
7 pp_p_p_ 
6  _p_ _pp
5 _ _ _ _ 
4  _ _P_ _
3 _ _ _ _ 
2 PPPP PPP
1 RNB KBNR

  abcdefgh
type command for player 0
13
8 rnbqk_nQ
7 pp_p_p_ 
6  _p_ _pp
5 _ _ _ _ 
4  _B_P_ _
3 _ _ _ _ 
2 PPPP PPP
1 RNB K NR

  abcdefgh
type command for player 1
16
8 rnbqk_nQ
7 pp_p_p_ 
6  _ _ _pp
5 _ p _ _ 
4  _B_P_ _
3 _ _ _ _ 
2 PPPP PPP
1 RNB K NR

  abcdefgh
type command for player 0
13
8 rnbqk_n_
7 pp_p_p_Q
6  _ _ _pp
5 _ p _ _ 
4  _B_P_ _
3 _ _ _ _ 
2 PPPP PPP
1 RNB K NR

  abcdefgh
type command for player 1
16
8 rnbqk_n_
7 p _p_p_Q
6  p _ _pp
5 _ p _ _ 
4  _B_P_ _
3 _ _ _ _ 
2 PPPP PPP
1 RNB K NR

  abcdefgh
type command for player 0
Checkmate! Player 0 Wins!
8 rnbqk_n_
7 p _p_Q_ 
6  p _ _pp
5 _ p _ _ 
4  _B_P_ _
3 _ _ _ _ 
2 PPPP PPP
1 RNB K NR

  abcdefgh
type command for player 1
CMD ERROR: Invalid head command 
